2021-07-25 21:03:11,616 - tensorflow - WARNING - From /Users/bing.sun/workspace/AML/pycharm_workspace/backdoor/acas/source/utils_backdoor.py:24: The name tf.GPUOptions is deprecated. Please use tf.compat.v1.GPUOptions instead.

2021-07-25 21:03:11,617 - tensorflow - WARNING - From /Users/bing.sun/workspace/AML/pycharm_workspace/backdoor/acas/source/utils_backdoor.py:25: The name tf.ConfigProto is deprecated. Please use tf.compat.v1.ConfigProto instead.

2021-07-25 21:03:11,618 - tensorflow - WARNING - From /Users/bing.sun/workspace/AML/pycharm_workspace/backdoor/acas/source/utils_backdoor.py:29: The name tf.global_variables_initializer is deprecated. Please use tf.compat.v1.global_variables_initializer instead.

2021-07-25 21:03:11,619 - tensorflow - WARNING - From /Users/bing.sun/workspace/AML/pycharm_workspace/backdoor/acas/source/utils_backdoor.py:30: The name tf.Session is deprecated. Please use tf.compat.v1.Session instead.

2021-07-25 21:16:18,407 - tensorflow - WARNING - From /Users/bing.sun/workspace/AML/pycharm_workspace/backdoor/acas/source/utils_backdoor.py:24: The name tf.GPUOptions is deprecated. Please use tf.compat.v1.GPUOptions instead.

2021-07-25 21:16:18,410 - tensorflow - WARNING - From /Users/bing.sun/workspace/AML/pycharm_workspace/backdoor/acas/source/utils_backdoor.py:25: The name tf.ConfigProto is deprecated. Please use tf.compat.v1.ConfigProto instead.

2021-07-25 21:16:18,411 - tensorflow - WARNING - From /Users/bing.sun/workspace/AML/pycharm_workspace/backdoor/acas/source/utils_backdoor.py:29: The name tf.global_variables_initializer is deprecated. Please use tf.compat.v1.global_variables_initializer instead.

2021-07-25 21:16:18,444 - tensorflow - WARNING - From /Users/bing.sun/workspace/AML/pycharm_workspace/backdoor/acas/source/utils_backdoor.py:30: The name tf.Session is deprecated. Please use tf.compat.v1.Session instead.

2021-07-25 21:16:42,586 - tensorflow - WARNING - From /Users/bing.sun/opt/miniconda3/lib/python3.7/site-packages/tensorflow_core/python/ops/resource_variable_ops.py:1630: calling BaseResourceVariable.__init__ (from tensorflow.python.ops.resource_variable_ops) with constraint is deprecated and will be removed in a future version.
Instructions for updating:
If using Keras pass *_constraint arguments to layers.
2021-07-25 21:18:17,430 - tensorflow - WARNING - From /Users/bing.sun/workspace/AML/pycharm_workspace/backdoor/acas/source/utils_backdoor.py:24: The name tf.GPUOptions is deprecated. Please use tf.compat.v1.GPUOptions instead.

2021-07-25 21:18:17,431 - tensorflow - WARNING - From /Users/bing.sun/workspace/AML/pycharm_workspace/backdoor/acas/source/utils_backdoor.py:25: The name tf.ConfigProto is deprecated. Please use tf.compat.v1.ConfigProto instead.

2021-07-25 21:18:17,432 - tensorflow - WARNING - From /Users/bing.sun/workspace/AML/pycharm_workspace/backdoor/acas/source/utils_backdoor.py:29: The name tf.global_variables_initializer is deprecated. Please use tf.compat.v1.global_variables_initializer instead.

2021-07-25 21:18:17,435 - tensorflow - WARNING - From /Users/bing.sun/workspace/AML/pycharm_workspace/backdoor/acas/source/utils_backdoor.py:30: The name tf.Session is deprecated. Please use tf.compat.v1.Session instead.

2021-07-25 21:18:17,486 - tensorflow - WARNING - From /Users/bing.sun/opt/miniconda3/lib/python3.7/site-packages/tensorflow_core/python/ops/resource_variable_ops.py:1630: calling BaseResourceVariable.__init__ (from tensorflow.python.ops.resource_variable_ops) with constraint is deprecated and will be removed in a future version.
Instructions for updating:
If using Keras pass *_constraint arguments to layers.
2021-07-25 21:19:56,369 - tensorflow - WARNING - From /Users/bing.sun/opt/miniconda3/lib/python3.7/site-packages/keras/backend/tensorflow_backend.py:422: The name tf.global_variables is deprecated. Please use tf.compat.v1.global_variables instead.

2021-07-25 21:22:42,668 - tensorflow - WARNING - From /Users/bing.sun/workspace/AML/pycharm_workspace/backdoor/acas/source/utils_backdoor.py:24: The name tf.GPUOptions is deprecated. Please use tf.compat.v1.GPUOptions instead.

2021-07-25 21:22:42,669 - tensorflow - WARNING - From /Users/bing.sun/workspace/AML/pycharm_workspace/backdoor/acas/source/utils_backdoor.py:25: The name tf.ConfigProto is deprecated. Please use tf.compat.v1.ConfigProto instead.

2021-07-25 21:22:42,670 - tensorflow - WARNING - From /Users/bing.sun/workspace/AML/pycharm_workspace/backdoor/acas/source/utils_backdoor.py:29: The name tf.global_variables_initializer is deprecated. Please use tf.compat.v1.global_variables_initializer instead.

2021-07-25 21:22:42,671 - tensorflow - WARNING - From /Users/bing.sun/workspace/AML/pycharm_workspace/backdoor/acas/source/utils_backdoor.py:30: The name tf.Session is deprecated. Please use tf.compat.v1.Session instead.

2021-07-25 21:22:42,719 - tensorflow - WARNING - From /Users/bing.sun/opt/miniconda3/lib/python3.7/site-packages/tensorflow_core/python/ops/resource_variable_ops.py:1630: calling BaseResourceVariable.__init__ (from tensorflow.python.ops.resource_variable_ops) with constraint is deprecated and will be removed in a future version.
Instructions for updating:
If using Keras pass *_constraint arguments to layers.
2021-07-25 21:22:43,074 - tensorflow - WARNING - From /Users/bing.sun/opt/miniconda3/lib/python3.7/site-packages/keras/backend/tensorflow_backend.py:422: The name tf.global_variables is deprecated. Please use tf.compat.v1.global_variables instead.

2021-07-25 21:22:43,652 - pyswarms.single.global_best - INFO - Optimize for 100 iters with {'c1': 0.41, 'c2': 0.41, 'w': 0.8}
2021-07-25 21:23:06,338 - tensorflow - WARNING - From /Users/bing.sun/workspace/AML/pycharm_workspace/backdoor/acas/source/utils_backdoor.py:24: The name tf.GPUOptions is deprecated. Please use tf.compat.v1.GPUOptions instead.

2021-07-25 21:23:06,338 - tensorflow - WARNING - From /Users/bing.sun/workspace/AML/pycharm_workspace/backdoor/acas/source/utils_backdoor.py:25: The name tf.ConfigProto is deprecated. Please use tf.compat.v1.ConfigProto instead.

2021-07-25 21:23:06,339 - tensorflow - WARNING - From /Users/bing.sun/workspace/AML/pycharm_workspace/backdoor/acas/source/utils_backdoor.py:29: The name tf.global_variables_initializer is deprecated. Please use tf.compat.v1.global_variables_initializer instead.

2021-07-25 21:23:06,340 - tensorflow - WARNING - From /Users/bing.sun/workspace/AML/pycharm_workspace/backdoor/acas/source/utils_backdoor.py:30: The name tf.Session is deprecated. Please use tf.compat.v1.Session instead.

2021-07-25 21:23:06,387 - tensorflow - WARNING - From /Users/bing.sun/opt/miniconda3/lib/python3.7/site-packages/tensorflow_core/python/ops/resource_variable_ops.py:1630: calling BaseResourceVariable.__init__ (from tensorflow.python.ops.resource_variable_ops) with constraint is deprecated and will be removed in a future version.
Instructions for updating:
If using Keras pass *_constraint arguments to layers.
2021-07-25 21:23:06,718 - tensorflow - WARNING - From /Users/bing.sun/opt/miniconda3/lib/python3.7/site-packages/keras/backend/tensorflow_backend.py:422: The name tf.global_variables is deprecated. Please use tf.compat.v1.global_variables instead.

2021-07-25 21:23:07,344 - pyswarms.single.global_best - INFO - Optimize for 100 iters with {'c1': 0.41, 'c2': 0.41, 'w': 0.8}
2021-07-25 21:24:11,108 - tensorflow - WARNING - From /Users/bing.sun/workspace/AML/pycharm_workspace/backdoor/acas/source/utils_backdoor.py:24: The name tf.GPUOptions is deprecated. Please use tf.compat.v1.GPUOptions instead.

2021-07-25 21:24:11,116 - tensorflow - WARNING - From /Users/bing.sun/workspace/AML/pycharm_workspace/backdoor/acas/source/utils_backdoor.py:25: The name tf.ConfigProto is deprecated. Please use tf.compat.v1.ConfigProto instead.

2021-07-25 21:24:11,117 - tensorflow - WARNING - From /Users/bing.sun/workspace/AML/pycharm_workspace/backdoor/acas/source/utils_backdoor.py:29: The name tf.global_variables_initializer is deprecated. Please use tf.compat.v1.global_variables_initializer instead.

2021-07-25 21:24:11,120 - tensorflow - WARNING - From /Users/bing.sun/workspace/AML/pycharm_workspace/backdoor/acas/source/utils_backdoor.py:30: The name tf.Session is deprecated. Please use tf.compat.v1.Session instead.

2021-07-25 21:24:11,169 - tensorflow - WARNING - From /Users/bing.sun/opt/miniconda3/lib/python3.7/site-packages/tensorflow_core/python/ops/resource_variable_ops.py:1630: calling BaseResourceVariable.__init__ (from tensorflow.python.ops.resource_variable_ops) with constraint is deprecated and will be removed in a future version.
Instructions for updating:
If using Keras pass *_constraint arguments to layers.
2021-07-25 21:24:11,521 - tensorflow - WARNING - From /Users/bing.sun/opt/miniconda3/lib/python3.7/site-packages/keras/backend/tensorflow_backend.py:422: The name tf.global_variables is deprecated. Please use tf.compat.v1.global_variables instead.

2021-07-25 21:24:12,100 - pyswarms.single.global_best - INFO - Optimize for 100 iters with {'c1': 0.41, 'c2': 0.41, 'w': 0.8}
2021-07-25 21:25:33,057 - tensorflow - WARNING - From /Users/bing.sun/workspace/AML/pycharm_workspace/backdoor/acas/source/utils_backdoor.py:24: The name tf.GPUOptions is deprecated. Please use tf.compat.v1.GPUOptions instead.

2021-07-25 21:25:33,059 - tensorflow - WARNING - From /Users/bing.sun/workspace/AML/pycharm_workspace/backdoor/acas/source/utils_backdoor.py:25: The name tf.ConfigProto is deprecated. Please use tf.compat.v1.ConfigProto instead.

2021-07-25 21:25:33,060 - tensorflow - WARNING - From /Users/bing.sun/workspace/AML/pycharm_workspace/backdoor/acas/source/utils_backdoor.py:29: The name tf.global_variables_initializer is deprecated. Please use tf.compat.v1.global_variables_initializer instead.

2021-07-25 21:25:33,062 - tensorflow - WARNING - From /Users/bing.sun/workspace/AML/pycharm_workspace/backdoor/acas/source/utils_backdoor.py:30: The name tf.Session is deprecated. Please use tf.compat.v1.Session instead.

2021-07-25 21:25:33,128 - tensorflow - WARNING - From /Users/bing.sun/opt/miniconda3/lib/python3.7/site-packages/tensorflow_core/python/ops/resource_variable_ops.py:1630: calling BaseResourceVariable.__init__ (from tensorflow.python.ops.resource_variable_ops) with constraint is deprecated and will be removed in a future version.
Instructions for updating:
If using Keras pass *_constraint arguments to layers.
2021-07-25 21:25:33,494 - tensorflow - WARNING - From /Users/bing.sun/opt/miniconda3/lib/python3.7/site-packages/keras/backend/tensorflow_backend.py:422: The name tf.global_variables is deprecated. Please use tf.compat.v1.global_variables instead.

2021-07-25 21:25:34,076 - pyswarms.single.global_best - INFO - Optimize for 100 iters with {'c1': 0.41, 'c2': 0.41, 'w': 0.8}
2021-07-25 21:29:20,770 - tensorflow - WARNING - From /Users/bing.sun/workspace/AML/pycharm_workspace/backdoor/acas/source/utils_backdoor.py:24: The name tf.GPUOptions is deprecated. Please use tf.compat.v1.GPUOptions instead.

2021-07-25 21:29:20,771 - tensorflow - WARNING - From /Users/bing.sun/workspace/AML/pycharm_workspace/backdoor/acas/source/utils_backdoor.py:25: The name tf.ConfigProto is deprecated. Please use tf.compat.v1.ConfigProto instead.

2021-07-25 21:29:20,771 - tensorflow - WARNING - From /Users/bing.sun/workspace/AML/pycharm_workspace/backdoor/acas/source/utils_backdoor.py:29: The name tf.global_variables_initializer is deprecated. Please use tf.compat.v1.global_variables_initializer instead.

2021-07-25 21:29:20,778 - tensorflow - WARNING - From /Users/bing.sun/workspace/AML/pycharm_workspace/backdoor/acas/source/utils_backdoor.py:30: The name tf.Session is deprecated. Please use tf.compat.v1.Session instead.

2021-07-25 21:29:20,866 - tensorflow - WARNING - From /Users/bing.sun/opt/miniconda3/lib/python3.7/site-packages/tensorflow_core/python/ops/resource_variable_ops.py:1630: calling BaseResourceVariable.__init__ (from tensorflow.python.ops.resource_variable_ops) with constraint is deprecated and will be removed in a future version.
Instructions for updating:
If using Keras pass *_constraint arguments to layers.
2021-07-25 21:29:21,356 - tensorflow - WARNING - From /Users/bing.sun/opt/miniconda3/lib/python3.7/site-packages/keras/backend/tensorflow_backend.py:422: The name tf.global_variables is deprecated. Please use tf.compat.v1.global_variables instead.

2021-07-25 21:30:01,576 - tensorflow - WARNING - From /Users/bing.sun/workspace/AML/pycharm_workspace/backdoor/acas/source/utils_backdoor.py:24: The name tf.GPUOptions is deprecated. Please use tf.compat.v1.GPUOptions instead.

2021-07-25 21:30:01,577 - tensorflow - WARNING - From /Users/bing.sun/workspace/AML/pycharm_workspace/backdoor/acas/source/utils_backdoor.py:25: The name tf.ConfigProto is deprecated. Please use tf.compat.v1.ConfigProto instead.

2021-07-25 21:30:01,577 - tensorflow - WARNING - From /Users/bing.sun/workspace/AML/pycharm_workspace/backdoor/acas/source/utils_backdoor.py:29: The name tf.global_variables_initializer is deprecated. Please use tf.compat.v1.global_variables_initializer instead.

2021-07-25 21:30:01,579 - tensorflow - WARNING - From /Users/bing.sun/workspace/AML/pycharm_workspace/backdoor/acas/source/utils_backdoor.py:30: The name tf.Session is deprecated. Please use tf.compat.v1.Session instead.

2021-07-25 21:30:01,623 - tensorflow - WARNING - From /Users/bing.sun/opt/miniconda3/lib/python3.7/site-packages/tensorflow_core/python/ops/resource_variable_ops.py:1630: calling BaseResourceVariable.__init__ (from tensorflow.python.ops.resource_variable_ops) with constraint is deprecated and will be removed in a future version.
Instructions for updating:
If using Keras pass *_constraint arguments to layers.
2021-07-25 21:30:01,974 - tensorflow - WARNING - From /Users/bing.sun/opt/miniconda3/lib/python3.7/site-packages/keras/backend/tensorflow_backend.py:422: The name tf.global_variables is deprecated. Please use tf.compat.v1.global_variables instead.

2021-07-25 21:30:02,596 - pyswarms.single.global_best - INFO - Optimize for 100 iters with {'c1': 0.41, 'c2': 0.41, 'w': 0.8}
2021-07-25 21:30:07,450 - pyswarms.single.global_best - INFO - Optimization finished | best cost: 0.0, best pos: [1.04281825 0.44789554 1.25725852 2.39790136 0.60452989]
2021-07-25 21:31:12,838 - tensorflow - WARNING - From /Users/bing.sun/workspace/AML/pycharm_workspace/backdoor/acas/source/utils_backdoor.py:24: The name tf.GPUOptions is deprecated. Please use tf.compat.v1.GPUOptions instead.

2021-07-25 21:31:12,839 - tensorflow - WARNING - From /Users/bing.sun/workspace/AML/pycharm_workspace/backdoor/acas/source/utils_backdoor.py:25: The name tf.ConfigProto is deprecated. Please use tf.compat.v1.ConfigProto instead.

2021-07-25 21:31:12,839 - tensorflow - WARNING - From /Users/bing.sun/workspace/AML/pycharm_workspace/backdoor/acas/source/utils_backdoor.py:29: The name tf.global_variables_initializer is deprecated. Please use tf.compat.v1.global_variables_initializer instead.

2021-07-25 21:31:12,843 - tensorflow - WARNING - From /Users/bing.sun/workspace/AML/pycharm_workspace/backdoor/acas/source/utils_backdoor.py:30: The name tf.Session is deprecated. Please use tf.compat.v1.Session instead.

2021-07-25 21:31:12,932 - tensorflow - WARNING - From /Users/bing.sun/opt/miniconda3/lib/python3.7/site-packages/tensorflow_core/python/ops/resource_variable_ops.py:1630: calling BaseResourceVariable.__init__ (from tensorflow.python.ops.resource_variable_ops) with constraint is deprecated and will be removed in a future version.
Instructions for updating:
If using Keras pass *_constraint arguments to layers.
2021-07-25 21:31:13,181 - tensorflow - WARNING - From /Users/bing.sun/opt/miniconda3/lib/python3.7/site-packages/keras/backend/tensorflow_backend.py:422: The name tf.global_variables is deprecated. Please use tf.compat.v1.global_variables instead.

2021-07-25 21:49:12,929 - tensorflow - WARNING - From /Users/bing.sun/workspace/AML/pycharm_workspace/backdoor/acas/source/utils_backdoor.py:24: The name tf.GPUOptions is deprecated. Please use tf.compat.v1.GPUOptions instead.

2021-07-25 21:49:12,930 - tensorflow - WARNING - From /Users/bing.sun/workspace/AML/pycharm_workspace/backdoor/acas/source/utils_backdoor.py:25: The name tf.ConfigProto is deprecated. Please use tf.compat.v1.ConfigProto instead.

2021-07-25 21:49:12,931 - tensorflow - WARNING - From /Users/bing.sun/workspace/AML/pycharm_workspace/backdoor/acas/source/utils_backdoor.py:29: The name tf.global_variables_initializer is deprecated. Please use tf.compat.v1.global_variables_initializer instead.

2021-07-25 21:49:12,932 - tensorflow - WARNING - From /Users/bing.sun/workspace/AML/pycharm_workspace/backdoor/acas/source/utils_backdoor.py:30: The name tf.Session is deprecated. Please use tf.compat.v1.Session instead.

2021-07-25 21:49:12,965 - tensorflow - WARNING - From /Users/bing.sun/opt/miniconda3/lib/python3.7/site-packages/tensorflow_core/python/ops/resource_variable_ops.py:1630: calling BaseResourceVariable.__init__ (from tensorflow.python.ops.resource_variable_ops) with constraint is deprecated and will be removed in a future version.
Instructions for updating:
If using Keras pass *_constraint arguments to layers.
2021-07-25 21:49:13,180 - tensorflow - WARNING - From /Users/bing.sun/opt/miniconda3/lib/python3.7/site-packages/keras/backend/tensorflow_backend.py:422: The name tf.global_variables is deprecated. Please use tf.compat.v1.global_variables instead.

2021-07-25 21:49:43,508 - pyswarms.single.global_best - INFO - Optimize for 100 iters with {'c1': 0.41, 'c2': 0.41, 'w': 0.8}
2021-07-25 21:52:35,148 - pyswarms.single.global_best - INFO - Optimization finished | best cost: 0.2999400958466453, best pos: [2.2081752  2.13385225 2.22763431 1.78105003 1.54965114]
2021-07-25 22:03:26,983 - tensorflow - WARNING - From /Users/bing.sun/workspace/AML/pycharm_workspace/backdoor/acas/source/utils_backdoor.py:24: The name tf.GPUOptions is deprecated. Please use tf.compat.v1.GPUOptions instead.

2021-07-25 22:03:26,985 - tensorflow - WARNING - From /Users/bing.sun/workspace/AML/pycharm_workspace/backdoor/acas/source/utils_backdoor.py:25: The name tf.ConfigProto is deprecated. Please use tf.compat.v1.ConfigProto instead.

2021-07-25 22:03:26,986 - tensorflow - WARNING - From /Users/bing.sun/workspace/AML/pycharm_workspace/backdoor/acas/source/utils_backdoor.py:29: The name tf.global_variables_initializer is deprecated. Please use tf.compat.v1.global_variables_initializer instead.

2021-07-25 22:03:26,987 - tensorflow - WARNING - From /Users/bing.sun/workspace/AML/pycharm_workspace/backdoor/acas/source/utils_backdoor.py:30: The name tf.Session is deprecated. Please use tf.compat.v1.Session instead.

2021-07-25 22:03:27,045 - tensorflow - WARNING - From /Users/bing.sun/opt/miniconda3/lib/python3.7/site-packages/tensorflow_core/python/ops/resource_variable_ops.py:1630: calling BaseResourceVariable.__init__ (from tensorflow.python.ops.resource_variable_ops) with constraint is deprecated and will be removed in a future version.
Instructions for updating:
If using Keras pass *_constraint arguments to layers.
2021-07-25 22:03:27,284 - tensorflow - WARNING - From /Users/bing.sun/opt/miniconda3/lib/python3.7/site-packages/keras/backend/tensorflow_backend.py:422: The name tf.global_variables is deprecated. Please use tf.compat.v1.global_variables instead.

2021-07-25 22:06:51,702 - tensorflow - WARNING - From /Users/bing.sun/workspace/AML/pycharm_workspace/backdoor/acas/source/utils_backdoor.py:24: The name tf.GPUOptions is deprecated. Please use tf.compat.v1.GPUOptions instead.

2021-07-25 22:06:51,704 - tensorflow - WARNING - From /Users/bing.sun/workspace/AML/pycharm_workspace/backdoor/acas/source/utils_backdoor.py:25: The name tf.ConfigProto is deprecated. Please use tf.compat.v1.ConfigProto instead.

2021-07-25 22:06:51,705 - tensorflow - WARNING - From /Users/bing.sun/workspace/AML/pycharm_workspace/backdoor/acas/source/utils_backdoor.py:29: The name tf.global_variables_initializer is deprecated. Please use tf.compat.v1.global_variables_initializer instead.

2021-07-25 22:06:51,707 - tensorflow - WARNING - From /Users/bing.sun/workspace/AML/pycharm_workspace/backdoor/acas/source/utils_backdoor.py:30: The name tf.Session is deprecated. Please use tf.compat.v1.Session instead.

2021-07-25 22:06:51,754 - tensorflow - WARNING - From /Users/bing.sun/opt/miniconda3/lib/python3.7/site-packages/tensorflow_core/python/ops/resource_variable_ops.py:1630: calling BaseResourceVariable.__init__ (from tensorflow.python.ops.resource_variable_ops) with constraint is deprecated and will be removed in a future version.
Instructions for updating:
If using Keras pass *_constraint arguments to layers.
2021-07-25 22:06:51,981 - tensorflow - WARNING - From /Users/bing.sun/opt/miniconda3/lib/python3.7/site-packages/keras/backend/tensorflow_backend.py:422: The name tf.global_variables is deprecated. Please use tf.compat.v1.global_variables instead.

2021-07-25 22:07:23,748 - pyswarms.single.global_best - INFO - Optimize for 100 iters with {'c1': 0.41, 'c2': 0.41, 'w': 0.8}
2021-07-25 22:15:26,778 - pyswarms.single.global_best - INFO - Optimization finished | best cost: -0.6978833865814696, best pos: [ 3.38887937  0.68569877  1.57650737 -9.90663733  2.45636487]
2021-07-25 22:22:26,540 - tensorflow - WARNING - From /Users/bing.sun/workspace/AML/pycharm_workspace/backdoor/acas/source/utils_backdoor.py:24: The name tf.GPUOptions is deprecated. Please use tf.compat.v1.GPUOptions instead.

2021-07-25 22:22:26,541 - tensorflow - WARNING - From /Users/bing.sun/workspace/AML/pycharm_workspace/backdoor/acas/source/utils_backdoor.py:25: The name tf.ConfigProto is deprecated. Please use tf.compat.v1.ConfigProto instead.

2021-07-25 22:22:26,542 - tensorflow - WARNING - From /Users/bing.sun/workspace/AML/pycharm_workspace/backdoor/acas/source/utils_backdoor.py:29: The name tf.global_variables_initializer is deprecated. Please use tf.compat.v1.global_variables_initializer instead.

2021-07-25 22:22:26,548 - tensorflow - WARNING - From /Users/bing.sun/workspace/AML/pycharm_workspace/backdoor/acas/source/utils_backdoor.py:30: The name tf.Session is deprecated. Please use tf.compat.v1.Session instead.

2021-07-25 22:22:26,618 - tensorflow - WARNING - From /Users/bing.sun/opt/miniconda3/lib/python3.7/site-packages/tensorflow_core/python/ops/resource_variable_ops.py:1630: calling BaseResourceVariable.__init__ (from tensorflow.python.ops.resource_variable_ops) with constraint is deprecated and will be removed in a future version.
Instructions for updating:
If using Keras pass *_constraint arguments to layers.
2021-07-25 22:22:26,866 - tensorflow - WARNING - From /Users/bing.sun/opt/miniconda3/lib/python3.7/site-packages/keras/backend/tensorflow_backend.py:422: The name tf.global_variables is deprecated. Please use tf.compat.v1.global_variables instead.

2021-07-25 22:23:27,489 - pyswarms.single.global_best - INFO - Optimize for 100 iters with {'c1': 0.41, 'c2': 0.41, 'w': 0.8}
2021-07-25 22:31:24,198 - pyswarms.single.global_best - INFO - Optimization finished | best cost: -0.29532747603833864, best pos: [ 3.38887937  0.68569877  1.57650737 -9.90663733  2.45636487]
2021-08-08 16:11:18,634 - tensorflow - WARNING - From /Users/bing.sun/workspace/AML/pycharm_workspace/backdoor/acas/source/utils_backdoor.py:24: The name tf.GPUOptions is deprecated. Please use tf.compat.v1.GPUOptions instead.

2021-08-08 16:11:18,635 - tensorflow - WARNING - From /Users/bing.sun/workspace/AML/pycharm_workspace/backdoor/acas/source/utils_backdoor.py:25: The name tf.ConfigProto is deprecated. Please use tf.compat.v1.ConfigProto instead.

2021-08-08 16:11:18,635 - tensorflow - WARNING - From /Users/bing.sun/workspace/AML/pycharm_workspace/backdoor/acas/source/utils_backdoor.py:29: The name tf.global_variables_initializer is deprecated. Please use tf.compat.v1.global_variables_initializer instead.

2021-08-08 16:11:18,638 - tensorflow - WARNING - From /Users/bing.sun/workspace/AML/pycharm_workspace/backdoor/acas/source/utils_backdoor.py:30: The name tf.Session is deprecated. Please use tf.compat.v1.Session instead.

2021-08-08 16:11:18,711 - tensorflow - WARNING - From /Users/bing.sun/opt/miniconda3/lib/python3.7/site-packages/tensorflow_core/python/ops/resource_variable_ops.py:1630: calling BaseResourceVariable.__init__ (from tensorflow.python.ops.resource_variable_ops) with constraint is deprecated and will be removed in a future version.
Instructions for updating:
If using Keras pass *_constraint arguments to layers.
2021-08-08 17:10:28,205 - tensorflow - WARNING - From /Users/bing.sun/workspace/AML/pycharm_workspace/backdoor/acas/source/utils_backdoor.py:24: The name tf.GPUOptions is deprecated. Please use tf.compat.v1.GPUOptions instead.

2021-08-08 17:10:28,206 - tensorflow - WARNING - From /Users/bing.sun/workspace/AML/pycharm_workspace/backdoor/acas/source/utils_backdoor.py:25: The name tf.ConfigProto is deprecated. Please use tf.compat.v1.ConfigProto instead.

2021-08-08 17:10:28,206 - tensorflow - WARNING - From /Users/bing.sun/workspace/AML/pycharm_workspace/backdoor/acas/source/utils_backdoor.py:29: The name tf.global_variables_initializer is deprecated. Please use tf.compat.v1.global_variables_initializer instead.

2021-08-08 17:10:28,219 - tensorflow - WARNING - From /Users/bing.sun/workspace/AML/pycharm_workspace/backdoor/acas/source/utils_backdoor.py:30: The name tf.Session is deprecated. Please use tf.compat.v1.Session instead.

2021-08-08 17:10:28,345 - tensorflow - WARNING - From /Users/bing.sun/opt/miniconda3/lib/python3.7/site-packages/tensorflow_core/python/ops/resource_variable_ops.py:1630: calling BaseResourceVariable.__init__ (from tensorflow.python.ops.resource_variable_ops) with constraint is deprecated and will be removed in a future version.
Instructions for updating:
If using Keras pass *_constraint arguments to layers.
2021-08-08 17:10:28,646 - tensorflow - WARNING - From /Users/bing.sun/opt/miniconda3/lib/python3.7/site-packages/keras/backend/tensorflow_backend.py:422: The name tf.global_variables is deprecated. Please use tf.compat.v1.global_variables instead.

2021-08-08 17:11:02,468 - pyswarms.single.global_best - INFO - Optimize for 100 iters with {'c1': 0.41, 'c2': 0.41, 'w': 0.8}
2021-08-08 17:19:56,092 - pyswarms.single.global_best - INFO - Optimization finished | best cost: -0.29532747603833864, best pos: [ 3.38887937  0.68569877  1.57650737 -9.90663733  2.45636487]
2021-08-09 11:39:58,864 - tensorflow - WARNING - From /Users/bing.sun/workspace/AML/pycharm_workspace/backdoor/acas/source/utils_backdoor.py:24: The name tf.GPUOptions is deprecated. Please use tf.compat.v1.GPUOptions instead.

2021-08-09 11:39:58,866 - tensorflow - WARNING - From /Users/bing.sun/workspace/AML/pycharm_workspace/backdoor/acas/source/utils_backdoor.py:25: The name tf.ConfigProto is deprecated. Please use tf.compat.v1.ConfigProto instead.

2021-08-09 11:39:58,867 - tensorflow - WARNING - From /Users/bing.sun/workspace/AML/pycharm_workspace/backdoor/acas/source/utils_backdoor.py:29: The name tf.global_variables_initializer is deprecated. Please use tf.compat.v1.global_variables_initializer instead.

2021-08-09 11:39:58,880 - tensorflow - WARNING - From /Users/bing.sun/workspace/AML/pycharm_workspace/backdoor/acas/source/utils_backdoor.py:30: The name tf.Session is deprecated. Please use tf.compat.v1.Session instead.

2021-08-09 11:39:59,314 - tensorflow - WARNING - From /Users/bing.sun/opt/miniconda3/lib/python3.7/site-packages/tensorflow_core/python/ops/resource_variable_ops.py:1630: calling BaseResourceVariable.__init__ (from tensorflow.python.ops.resource_variable_ops) with constraint is deprecated and will be removed in a future version.
Instructions for updating:
If using Keras pass *_constraint arguments to layers.
2021-08-09 11:39:59,682 - tensorflow - WARNING - From /Users/bing.sun/opt/miniconda3/lib/python3.7/site-packages/keras/backend/tensorflow_backend.py:422: The name tf.global_variables is deprecated. Please use tf.compat.v1.global_variables instead.

2021-08-09 11:40:34,529 - pyswarms.single.global_best - INFO - Optimize for 100 iters with {'c1': 0.41, 'c2': 0.41, 'w': 0.8}
2021-08-09 11:49:29,218 - pyswarms.single.global_best - INFO - Optimization finished | best cost: -0.49660543130990414, best pos: [ 3.38887937  0.68569877  1.57650737 -9.90663733  2.45636487]
2021-08-09 11:50:05,175 - tensorflow - WARNING - From /Users/bing.sun/workspace/AML/pycharm_workspace/backdoor/acas/source/utils_backdoor.py:24: The name tf.GPUOptions is deprecated. Please use tf.compat.v1.GPUOptions instead.

2021-08-09 11:50:05,176 - tensorflow - WARNING - From /Users/bing.sun/workspace/AML/pycharm_workspace/backdoor/acas/source/utils_backdoor.py:25: The name tf.ConfigProto is deprecated. Please use tf.compat.v1.ConfigProto instead.

2021-08-09 11:50:05,177 - tensorflow - WARNING - From /Users/bing.sun/workspace/AML/pycharm_workspace/backdoor/acas/source/utils_backdoor.py:29: The name tf.global_variables_initializer is deprecated. Please use tf.compat.v1.global_variables_initializer instead.

2021-08-09 11:50:05,185 - tensorflow - WARNING - From /Users/bing.sun/workspace/AML/pycharm_workspace/backdoor/acas/source/utils_backdoor.py:30: The name tf.Session is deprecated. Please use tf.compat.v1.Session instead.

2021-08-09 11:50:05,290 - tensorflow - WARNING - From /Users/bing.sun/opt/miniconda3/lib/python3.7/site-packages/tensorflow_core/python/ops/resource_variable_ops.py:1630: calling BaseResourceVariable.__init__ (from tensorflow.python.ops.resource_variable_ops) with constraint is deprecated and will be removed in a future version.
Instructions for updating:
If using Keras pass *_constraint arguments to layers.
2021-08-09 11:50:05,594 - tensorflow - WARNING - From /Users/bing.sun/opt/miniconda3/lib/python3.7/site-packages/keras/backend/tensorflow_backend.py:422: The name tf.global_variables is deprecated. Please use tf.compat.v1.global_variables instead.

2021-08-09 11:50:39,522 - pyswarms.single.global_best - INFO - Optimize for 100 iters with {'c1': 0.41, 'c2': 0.41, 'w': 0.8}
2021-08-09 12:00:28,751 - pyswarms.single.global_best - INFO - Optimization finished | best cost: -0.8991613418530352, best pos: [ 3.38887937  0.68569877  1.57650737 -9.90663733  2.45636487]
2021-08-09 13:48:15,818 - tensorflow - WARNING - From /Users/bing.sun/workspace/AML/pycharm_workspace/backdoor/acas/source/utils_backdoor.py:24: The name tf.GPUOptions is deprecated. Please use tf.compat.v1.GPUOptions instead.

2021-08-09 13:48:15,819 - tensorflow - WARNING - From /Users/bing.sun/workspace/AML/pycharm_workspace/backdoor/acas/source/utils_backdoor.py:25: The name tf.ConfigProto is deprecated. Please use tf.compat.v1.ConfigProto instead.

2021-08-09 13:48:15,820 - tensorflow - WARNING - From /Users/bing.sun/workspace/AML/pycharm_workspace/backdoor/acas/source/utils_backdoor.py:29: The name tf.global_variables_initializer is deprecated. Please use tf.compat.v1.global_variables_initializer instead.

2021-08-09 13:48:15,830 - tensorflow - WARNING - From /Users/bing.sun/workspace/AML/pycharm_workspace/backdoor/acas/source/utils_backdoor.py:30: The name tf.Session is deprecated. Please use tf.compat.v1.Session instead.

2021-08-09 13:48:15,936 - tensorflow - WARNING - From /Users/bing.sun/opt/miniconda3/lib/python3.7/site-packages/tensorflow_core/python/ops/resource_variable_ops.py:1630: calling BaseResourceVariable.__init__ (from tensorflow.python.ops.resource_variable_ops) with constraint is deprecated and will be removed in a future version.
Instructions for updating:
If using Keras pass *_constraint arguments to layers.
2021-08-09 13:48:16,251 - tensorflow - WARNING - From /Users/bing.sun/opt/miniconda3/lib/python3.7/site-packages/keras/backend/tensorflow_backend.py:422: The name tf.global_variables is deprecated. Please use tf.compat.v1.global_variables instead.

2021-08-09 13:48:52,978 - pyswarms.single.global_best - INFO - Optimize for 100 iters with {'c1': 0.41, 'c2': 0.41, 'w': 0.8}
2021-08-09 13:51:59,946 - pyswarms.single.global_best - INFO - Optimization finished | best cost: -1.0, best pos: [1. 1. 1. 1. 1.]
2021-08-09 13:52:34,984 - tensorflow - WARNING - From /Users/bing.sun/workspace/AML/pycharm_workspace/backdoor/acas/source/utils_backdoor.py:24: The name tf.GPUOptions is deprecated. Please use tf.compat.v1.GPUOptions instead.

2021-08-09 13:52:34,985 - tensorflow - WARNING - From /Users/bing.sun/workspace/AML/pycharm_workspace/backdoor/acas/source/utils_backdoor.py:25: The name tf.ConfigProto is deprecated. Please use tf.compat.v1.ConfigProto instead.

2021-08-09 13:52:34,985 - tensorflow - WARNING - From /Users/bing.sun/workspace/AML/pycharm_workspace/backdoor/acas/source/utils_backdoor.py:29: The name tf.global_variables_initializer is deprecated. Please use tf.compat.v1.global_variables_initializer instead.

2021-08-09 13:52:35,001 - tensorflow - WARNING - From /Users/bing.sun/workspace/AML/pycharm_workspace/backdoor/acas/source/utils_backdoor.py:30: The name tf.Session is deprecated. Please use tf.compat.v1.Session instead.

2021-08-09 13:52:35,195 - tensorflow - WARNING - From /Users/bing.sun/opt/miniconda3/lib/python3.7/site-packages/tensorflow_core/python/ops/resource_variable_ops.py:1630: calling BaseResourceVariable.__init__ (from tensorflow.python.ops.resource_variable_ops) with constraint is deprecated and will be removed in a future version.
Instructions for updating:
If using Keras pass *_constraint arguments to layers.
2021-08-09 13:52:35,517 - tensorflow - WARNING - From /Users/bing.sun/opt/miniconda3/lib/python3.7/site-packages/keras/backend/tensorflow_backend.py:422: The name tf.global_variables is deprecated. Please use tf.compat.v1.global_variables instead.

2021-08-09 13:53:12,843 - pyswarms.single.global_best - INFO - Optimize for 100 iters with {'c1': 0.41, 'c2': 0.41, 'w': 0.8}
2021-08-09 13:56:21,691 - pyswarms.single.global_best - INFO - Optimization finished | best cost: -0.9872494009584665, best pos: [1.75291819 3.40048673 1.10649067 5.69761768 1.95672537]
2021-08-09 13:56:42,302 - tensorflow - WARNING - From /Users/bing.sun/workspace/AML/pycharm_workspace/backdoor/acas/source/utils_backdoor.py:24: The name tf.GPUOptions is deprecated. Please use tf.compat.v1.GPUOptions instead.

2021-08-09 13:56:42,303 - tensorflow - WARNING - From /Users/bing.sun/workspace/AML/pycharm_workspace/backdoor/acas/source/utils_backdoor.py:25: The name tf.ConfigProto is deprecated. Please use tf.compat.v1.ConfigProto instead.

2021-08-09 13:56:42,304 - tensorflow - WARNING - From /Users/bing.sun/workspace/AML/pycharm_workspace/backdoor/acas/source/utils_backdoor.py:29: The name tf.global_variables_initializer is deprecated. Please use tf.compat.v1.global_variables_initializer instead.

2021-08-09 13:56:42,337 - tensorflow - WARNING - From /Users/bing.sun/workspace/AML/pycharm_workspace/backdoor/acas/source/utils_backdoor.py:30: The name tf.Session is deprecated. Please use tf.compat.v1.Session instead.

2021-08-09 13:56:42,732 - tensorflow - WARNING - From /Users/bing.sun/opt/miniconda3/lib/python3.7/site-packages/tensorflow_core/python/ops/resource_variable_ops.py:1630: calling BaseResourceVariable.__init__ (from tensorflow.python.ops.resource_variable_ops) with constraint is deprecated and will be removed in a future version.
Instructions for updating:
If using Keras pass *_constraint arguments to layers.
2021-08-09 13:56:43,078 - tensorflow - WARNING - From /Users/bing.sun/opt/miniconda3/lib/python3.7/site-packages/keras/backend/tensorflow_backend.py:422: The name tf.global_variables is deprecated. Please use tf.compat.v1.global_variables instead.

2021-08-09 13:57:20,365 - pyswarms.single.global_best - INFO - Optimize for 100 iters with {'c1': 0.41, 'c2': 0.41, 'w': 0.8}
2021-08-09 14:06:37,667 - pyswarms.single.global_best - INFO - Optimization finished | best cost: -0.9496555511182109, best pos: [ 1.93296982  1.69072234  1.50755558 -9.97316447  2.37750974]
2021-08-15 09:18:31,652 - tensorflow - WARNING - From /Users/bing.sun/workspace/AML/pycharm_workspace/backdoor/acas/source/utils_backdoor.py:24: The name tf.GPUOptions is deprecated. Please use tf.compat.v1.GPUOptions instead.

2021-08-15 09:18:31,654 - tensorflow - WARNING - From /Users/bing.sun/workspace/AML/pycharm_workspace/backdoor/acas/source/utils_backdoor.py:25: The name tf.ConfigProto is deprecated. Please use tf.compat.v1.ConfigProto instead.

2021-08-15 09:18:31,654 - tensorflow - WARNING - From /Users/bing.sun/workspace/AML/pycharm_workspace/backdoor/acas/source/utils_backdoor.py:29: The name tf.global_variables_initializer is deprecated. Please use tf.compat.v1.global_variables_initializer instead.

2021-08-15 09:18:31,708 - tensorflow - WARNING - From /Users/bing.sun/workspace/AML/pycharm_workspace/backdoor/acas/source/utils_backdoor.py:30: The name tf.Session is deprecated. Please use tf.compat.v1.Session instead.

2021-08-15 09:18:32,123 - tensorflow - WARNING - From /Users/bing.sun/opt/miniconda3/lib/python3.7/site-packages/tensorflow_core/python/ops/resource_variable_ops.py:1630: calling BaseResourceVariable.__init__ (from tensorflow.python.ops.resource_variable_ops) with constraint is deprecated and will be removed in a future version.
Instructions for updating:
If using Keras pass *_constraint arguments to layers.
2021-08-15 09:18:32,482 - tensorflow - WARNING - From /Users/bing.sun/opt/miniconda3/lib/python3.7/site-packages/keras/backend/tensorflow_backend.py:422: The name tf.global_variables is deprecated. Please use tf.compat.v1.global_variables instead.

2021-08-15 09:19:07,921 - tensorflow - WARNING - From /Users/bing.sun/workspace/AML/pycharm_workspace/backdoor/acas/source/utils_backdoor.py:24: The name tf.GPUOptions is deprecated. Please use tf.compat.v1.GPUOptions instead.

2021-08-15 09:19:07,922 - tensorflow - WARNING - From /Users/bing.sun/workspace/AML/pycharm_workspace/backdoor/acas/source/utils_backdoor.py:25: The name tf.ConfigProto is deprecated. Please use tf.compat.v1.ConfigProto instead.

2021-08-15 09:19:07,922 - tensorflow - WARNING - From /Users/bing.sun/workspace/AML/pycharm_workspace/backdoor/acas/source/utils_backdoor.py:29: The name tf.global_variables_initializer is deprecated. Please use tf.compat.v1.global_variables_initializer instead.

2021-08-15 09:19:07,969 - tensorflow - WARNING - From /Users/bing.sun/workspace/AML/pycharm_workspace/backdoor/acas/source/utils_backdoor.py:30: The name tf.Session is deprecated. Please use tf.compat.v1.Session instead.

2021-08-15 09:19:08,110 - tensorflow - WARNING - From /Users/bing.sun/opt/miniconda3/lib/python3.7/site-packages/tensorflow_core/python/ops/resource_variable_ops.py:1630: calling BaseResourceVariable.__init__ (from tensorflow.python.ops.resource_variable_ops) with constraint is deprecated and will be removed in a future version.
Instructions for updating:
If using Keras pass *_constraint arguments to layers.
2021-08-15 09:19:08,486 - tensorflow - WARNING - From /Users/bing.sun/opt/miniconda3/lib/python3.7/site-packages/keras/backend/tensorflow_backend.py:422: The name tf.global_variables is deprecated. Please use tf.compat.v1.global_variables instead.

2021-08-15 09:19:09,111 - pyswarms.single.global_best - INFO - Optimize for 100 iters with {'c1': 0.41, 'c2': 0.41, 'w': 0.8}
2021-08-15 09:27:05,372 - pyswarms.single.global_best - INFO - Optimization finished | best cost: -0.093370607028754, best pos: [ 4.38565418  1.50516895  5.19589411 -9.9554696   3.04133943]
2021-08-15 09:28:18,436 - tensorflow - WARNING - From /Users/bing.sun/workspace/AML/pycharm_workspace/backdoor/acas/source/utils_backdoor.py:24: The name tf.GPUOptions is deprecated. Please use tf.compat.v1.GPUOptions instead.

2021-08-15 09:28:18,437 - tensorflow - WARNING - From /Users/bing.sun/workspace/AML/pycharm_workspace/backdoor/acas/source/utils_backdoor.py:25: The name tf.ConfigProto is deprecated. Please use tf.compat.v1.ConfigProto instead.

2021-08-15 09:28:18,438 - tensorflow - WARNING - From /Users/bing.sun/workspace/AML/pycharm_workspace/backdoor/acas/source/utils_backdoor.py:29: The name tf.global_variables_initializer is deprecated. Please use tf.compat.v1.global_variables_initializer instead.

2021-08-15 09:28:18,530 - tensorflow - WARNING - From /Users/bing.sun/workspace/AML/pycharm_workspace/backdoor/acas/source/utils_backdoor.py:30: The name tf.Session is deprecated. Please use tf.compat.v1.Session instead.

2021-08-15 09:28:18,708 - tensorflow - WARNING - From /Users/bing.sun/opt/miniconda3/lib/python3.7/site-packages/tensorflow_core/python/ops/resource_variable_ops.py:1630: calling BaseResourceVariable.__init__ (from tensorflow.python.ops.resource_variable_ops) with constraint is deprecated and will be removed in a future version.
Instructions for updating:
If using Keras pass *_constraint arguments to layers.
2021-08-15 09:28:19,073 - tensorflow - WARNING - From /Users/bing.sun/opt/miniconda3/lib/python3.7/site-packages/keras/backend/tensorflow_backend.py:422: The name tf.global_variables is deprecated. Please use tf.compat.v1.global_variables instead.

2021-08-15 09:28:19,723 - pyswarms.single.global_best - INFO - Optimize for 100 iters with {'c1': 0.41, 'c2': 0.41, 'w': 0.8}
2021-08-15 09:36:12,671 - pyswarms.single.global_best - INFO - Optimization finished | best cost: -0.19428913738019168, best pos: [ 4.41727884  1.64198839  4.45638451 -9.73417781  2.521755  ]
2021-08-15 09:46:07,535 - tensorflow - WARNING - From /Users/bing.sun/workspace/AML/pycharm_workspace/backdoor/acas/source/utils_backdoor.py:24: The name tf.GPUOptions is deprecated. Please use tf.compat.v1.GPUOptions instead.

2021-08-15 09:46:07,535 - tensorflow - WARNING - From /Users/bing.sun/workspace/AML/pycharm_workspace/backdoor/acas/source/utils_backdoor.py:25: The name tf.ConfigProto is deprecated. Please use tf.compat.v1.ConfigProto instead.

2021-08-15 09:46:07,536 - tensorflow - WARNING - From /Users/bing.sun/workspace/AML/pycharm_workspace/backdoor/acas/source/utils_backdoor.py:29: The name tf.global_variables_initializer is deprecated. Please use tf.compat.v1.global_variables_initializer instead.

2021-08-15 09:46:07,545 - tensorflow - WARNING - From /Users/bing.sun/workspace/AML/pycharm_workspace/backdoor/acas/source/utils_backdoor.py:30: The name tf.Session is deprecated. Please use tf.compat.v1.Session instead.

2021-08-15 09:46:07,659 - tensorflow - WARNING - From /Users/bing.sun/opt/miniconda3/lib/python3.7/site-packages/tensorflow_core/python/ops/resource_variable_ops.py:1630: calling BaseResourceVariable.__init__ (from tensorflow.python.ops.resource_variable_ops) with constraint is deprecated and will be removed in a future version.
Instructions for updating:
If using Keras pass *_constraint arguments to layers.
2021-08-15 09:46:08,156 - tensorflow - WARNING - From /Users/bing.sun/opt/miniconda3/lib/python3.7/site-packages/keras/backend/tensorflow_backend.py:422: The name tf.global_variables is deprecated. Please use tf.compat.v1.global_variables instead.

2021-08-15 09:46:08,727 - pyswarms.single.global_best - INFO - Optimize for 100 iters with {'c1': 0.41, 'c2': 0.41, 'w': 0.8}
2021-08-15 09:53:30,955 - pyswarms.single.global_best - INFO - Optimization finished | best cost: -0.3957268370607029, best pos: [ 4.43085587  1.80631471  4.3234423  -9.91713328  2.40367825]
2021-08-15 09:54:24,324 - tensorflow - WARNING - From /Users/bing.sun/workspace/AML/pycharm_workspace/backdoor/acas/source/utils_backdoor.py:24: The name tf.GPUOptions is deprecated. Please use tf.compat.v1.GPUOptions instead.

2021-08-15 09:54:24,325 - tensorflow - WARNING - From /Users/bing.sun/workspace/AML/pycharm_workspace/backdoor/acas/source/utils_backdoor.py:25: The name tf.ConfigProto is deprecated. Please use tf.compat.v1.ConfigProto instead.

2021-08-15 09:54:24,325 - tensorflow - WARNING - From /Users/bing.sun/workspace/AML/pycharm_workspace/backdoor/acas/source/utils_backdoor.py:29: The name tf.global_variables_initializer is deprecated. Please use tf.compat.v1.global_variables_initializer instead.

2021-08-15 09:54:24,344 - tensorflow - WARNING - From /Users/bing.sun/workspace/AML/pycharm_workspace/backdoor/acas/source/utils_backdoor.py:30: The name tf.Session is deprecated. Please use tf.compat.v1.Session instead.

2021-08-15 09:54:24,876 - tensorflow - WARNING - From /Users/bing.sun/opt/miniconda3/lib/python3.7/site-packages/tensorflow_core/python/ops/resource_variable_ops.py:1630: calling BaseResourceVariable.__init__ (from tensorflow.python.ops.resource_variable_ops) with constraint is deprecated and will be removed in a future version.
Instructions for updating:
If using Keras pass *_constraint arguments to layers.
2021-08-15 09:54:25,374 - tensorflow - WARNING - From /Users/bing.sun/opt/miniconda3/lib/python3.7/site-packages/keras/backend/tensorflow_backend.py:422: The name tf.global_variables is deprecated. Please use tf.compat.v1.global_variables instead.

2021-08-15 09:54:26,014 - pyswarms.single.global_best - INFO - Optimize for 100 iters with {'c1': 0.41, 'c2': 0.41, 'w': 0.8}
2021-08-15 10:03:48,473 - pyswarms.single.global_best - INFO - Optimization finished | best cost: -0.4963558306709265, best pos: [ 4.41446072  1.61818227  4.31061244 -9.73875889  2.39481856]
2021-08-15 10:04:41,919 - tensorflow - WARNING - From /Users/bing.sun/workspace/AML/pycharm_workspace/backdoor/acas/source/utils_backdoor.py:24: The name tf.GPUOptions is deprecated. Please use tf.compat.v1.GPUOptions instead.

2021-08-15 10:04:41,920 - tensorflow - WARNING - From /Users/bing.sun/workspace/AML/pycharm_workspace/backdoor/acas/source/utils_backdoor.py:25: The name tf.ConfigProto is deprecated. Please use tf.compat.v1.ConfigProto instead.

2021-08-15 10:04:41,921 - tensorflow - WARNING - From /Users/bing.sun/workspace/AML/pycharm_workspace/backdoor/acas/source/utils_backdoor.py:29: The name tf.global_variables_initializer is deprecated. Please use tf.compat.v1.global_variables_initializer instead.

2021-08-15 10:04:41,935 - tensorflow - WARNING - From /Users/bing.sun/workspace/AML/pycharm_workspace/backdoor/acas/source/utils_backdoor.py:30: The name tf.Session is deprecated. Please use tf.compat.v1.Session instead.

2021-08-15 10:04:42,068 - tensorflow - WARNING - From /Users/bing.sun/opt/miniconda3/lib/python3.7/site-packages/tensorflow_core/python/ops/resource_variable_ops.py:1630: calling BaseResourceVariable.__init__ (from tensorflow.python.ops.resource_variable_ops) with constraint is deprecated and will be removed in a future version.
Instructions for updating:
If using Keras pass *_constraint arguments to layers.
2021-08-15 10:04:42,372 - tensorflow - WARNING - From /Users/bing.sun/opt/miniconda3/lib/python3.7/site-packages/keras/backend/tensorflow_backend.py:422: The name tf.global_variables is deprecated. Please use tf.compat.v1.global_variables instead.

2021-08-15 10:04:42,952 - pyswarms.single.global_best - INFO - Optimize for 100 iters with {'c1': 0.41, 'c2': 0.41, 'w': 0.8}
2021-08-15 10:12:07,366 - pyswarms.single.global_best - INFO - Optimization finished | best cost: -0.5970047923322683, best pos: [ 4.37671288  1.60056314  4.30518274 -9.58864788  2.43929017]
2021-08-15 10:12:57,008 - tensorflow - WARNING - From /Users/bing.sun/workspace/AML/pycharm_workspace/backdoor/acas/source/utils_backdoor.py:24: The name tf.GPUOptions is deprecated. Please use tf.compat.v1.GPUOptions instead.

2021-08-15 10:12:57,009 - tensorflow - WARNING - From /Users/bing.sun/workspace/AML/pycharm_workspace/backdoor/acas/source/utils_backdoor.py:25: The name tf.ConfigProto is deprecated. Please use tf.compat.v1.ConfigProto instead.

2021-08-15 10:12:57,009 - tensorflow - WARNING - From /Users/bing.sun/workspace/AML/pycharm_workspace/backdoor/acas/source/utils_backdoor.py:29: The name tf.global_variables_initializer is deprecated. Please use tf.compat.v1.global_variables_initializer instead.

2021-08-15 10:12:57,034 - tensorflow - WARNING - From /Users/bing.sun/workspace/AML/pycharm_workspace/backdoor/acas/source/utils_backdoor.py:30: The name tf.Session is deprecated. Please use tf.compat.v1.Session instead.

2021-08-15 10:12:57,484 - tensorflow - WARNING - From /Users/bing.sun/opt/miniconda3/lib/python3.7/site-packages/tensorflow_core/python/ops/resource_variable_ops.py:1630: calling BaseResourceVariable.__init__ (from tensorflow.python.ops.resource_variable_ops) with constraint is deprecated and will be removed in a future version.
Instructions for updating:
If using Keras pass *_constraint arguments to layers.
2021-08-15 10:12:57,941 - tensorflow - WARNING - From /Users/bing.sun/opt/miniconda3/lib/python3.7/site-packages/keras/backend/tensorflow_backend.py:422: The name tf.global_variables is deprecated. Please use tf.compat.v1.global_variables instead.

2021-08-15 10:12:58,527 - pyswarms.single.global_best - INFO - Optimize for 100 iters with {'c1': 0.41, 'c2': 0.41, 'w': 0.8}
2021-08-15 10:21:26,621 - pyswarms.single.global_best - INFO - Optimization finished | best cost: -0.6977036741214057, best pos: [ 4.37671288  1.60056314  4.30518274 -9.58864788  2.43929017]
2021-08-15 10:23:17,362 - tensorflow - WARNING - From /Users/bing.sun/workspace/AML/pycharm_workspace/backdoor/acas/source/utils_backdoor.py:24: The name tf.GPUOptions is deprecated. Please use tf.compat.v1.GPUOptions instead.

2021-08-15 10:23:17,364 - tensorflow - WARNING - From /Users/bing.sun/workspace/AML/pycharm_workspace/backdoor/acas/source/utils_backdoor.py:25: The name tf.ConfigProto is deprecated. Please use tf.compat.v1.ConfigProto instead.

2021-08-15 10:23:17,364 - tensorflow - WARNING - From /Users/bing.sun/workspace/AML/pycharm_workspace/backdoor/acas/source/utils_backdoor.py:29: The name tf.global_variables_initializer is deprecated. Please use tf.compat.v1.global_variables_initializer instead.

2021-08-15 10:23:17,407 - tensorflow - WARNING - From /Users/bing.sun/workspace/AML/pycharm_workspace/backdoor/acas/source/utils_backdoor.py:30: The name tf.Session is deprecated. Please use tf.compat.v1.Session instead.

2021-08-15 10:23:17,957 - tensorflow - WARNING - From /Users/bing.sun/opt/miniconda3/lib/python3.7/site-packages/tensorflow_core/python/ops/resource_variable_ops.py:1630: calling BaseResourceVariable.__init__ (from tensorflow.python.ops.resource_variable_ops) with constraint is deprecated and will be removed in a future version.
Instructions for updating:
If using Keras pass *_constraint arguments to layers.
2021-08-15 10:23:18,324 - tensorflow - WARNING - From /Users/bing.sun/opt/miniconda3/lib/python3.7/site-packages/keras/backend/tensorflow_backend.py:422: The name tf.global_variables is deprecated. Please use tf.compat.v1.global_variables instead.

2021-08-15 10:23:19,018 - pyswarms.single.global_best - INFO - Optimize for 100 iters with {'c1': 0.41, 'c2': 0.41, 'w': 0.8}
2021-08-15 10:32:23,777 - pyswarms.single.global_best - INFO - Optimization finished | best cost: -0.7984225239616614, best pos: [ 4.29924346  1.81181413  4.23260857 -9.6603788   2.55116211]
2021-08-15 10:34:58,674 - tensorflow - WARNING - From /Users/bing.sun/workspace/AML/pycharm_workspace/backdoor/acas/source/utils_backdoor.py:24: The name tf.GPUOptions is deprecated. Please use tf.compat.v1.GPUOptions instead.

2021-08-15 10:34:58,676 - tensorflow - WARNING - From /Users/bing.sun/workspace/AML/pycharm_workspace/backdoor/acas/source/utils_backdoor.py:25: The name tf.ConfigProto is deprecated. Please use tf.compat.v1.ConfigProto instead.

2021-08-15 10:34:58,676 - tensorflow - WARNING - From /Users/bing.sun/workspace/AML/pycharm_workspace/backdoor/acas/source/utils_backdoor.py:29: The name tf.global_variables_initializer is deprecated. Please use tf.compat.v1.global_variables_initializer instead.

2021-08-15 10:34:58,697 - tensorflow - WARNING - From /Users/bing.sun/workspace/AML/pycharm_workspace/backdoor/acas/source/utils_backdoor.py:30: The name tf.Session is deprecated. Please use tf.compat.v1.Session instead.

2021-08-15 10:34:59,218 - tensorflow - WARNING - From /Users/bing.sun/opt/miniconda3/lib/python3.7/site-packages/tensorflow_core/python/ops/resource_variable_ops.py:1630: calling BaseResourceVariable.__init__ (from tensorflow.python.ops.resource_variable_ops) with constraint is deprecated and will be removed in a future version.
Instructions for updating:
If using Keras pass *_constraint arguments to layers.
2021-08-15 10:34:59,602 - tensorflow - WARNING - From /Users/bing.sun/opt/miniconda3/lib/python3.7/site-packages/keras/backend/tensorflow_backend.py:422: The name tf.global_variables is deprecated. Please use tf.compat.v1.global_variables instead.

2021-08-15 10:35:00,501 - pyswarms.single.global_best - INFO - Optimize for 100 iters with {'c1': 0.41, 'c2': 0.41, 'w': 0.8}
2021-08-15 10:42:21,497 - pyswarms.single.global_best - INFO - Optimization finished | best cost: -0.8979233226837061, best pos: [ 3.42012748  1.73535147  5.03657941 -9.32562507  2.88948368]
2021-08-15 10:43:21,916 - tensorflow - WARNING - From /Users/bing.sun/workspace/AML/pycharm_workspace/backdoor/acas/source/utils_backdoor.py:24: The name tf.GPUOptions is deprecated. Please use tf.compat.v1.GPUOptions instead.

2021-08-15 10:43:21,917 - tensorflow - WARNING - From /Users/bing.sun/workspace/AML/pycharm_workspace/backdoor/acas/source/utils_backdoor.py:25: The name tf.ConfigProto is deprecated. Please use tf.compat.v1.ConfigProto instead.

2021-08-15 10:43:21,917 - tensorflow - WARNING - From /Users/bing.sun/workspace/AML/pycharm_workspace/backdoor/acas/source/utils_backdoor.py:29: The name tf.global_variables_initializer is deprecated. Please use tf.compat.v1.global_variables_initializer instead.

2021-08-15 10:43:21,959 - tensorflow - WARNING - From /Users/bing.sun/workspace/AML/pycharm_workspace/backdoor/acas/source/utils_backdoor.py:30: The name tf.Session is deprecated. Please use tf.compat.v1.Session instead.

2021-08-15 10:43:22,235 - tensorflow - WARNING - From /Users/bing.sun/opt/miniconda3/lib/python3.7/site-packages/tensorflow_core/python/ops/resource_variable_ops.py:1630: calling BaseResourceVariable.__init__ (from tensorflow.python.ops.resource_variable_ops) with constraint is deprecated and will be removed in a future version.
Instructions for updating:
If using Keras pass *_constraint arguments to layers.
2021-08-15 10:43:22,546 - tensorflow - WARNING - From /Users/bing.sun/opt/miniconda3/lib/python3.7/site-packages/keras/backend/tensorflow_backend.py:422: The name tf.global_variables is deprecated. Please use tf.compat.v1.global_variables instead.

2021-08-15 10:43:23,165 - pyswarms.single.global_best - INFO - Optimize for 100 iters with {'c1': 0.41, 'c2': 0.41, 'w': 0.8}
2021-08-15 10:50:46,348 - pyswarms.single.global_best - INFO - Optimization finished | best cost: -0.29504792332268365, best pos: [ 4.39217698  1.61477591  4.33314704 -9.92088981  2.31596785]
2021-08-21 12:11:51,948 - tensorflow - WARNING - From /Users/bing.sun/workspace/AML/pycharm_workspace/backdoor/acas/source/utils_backdoor.py:24: The name tf.GPUOptions is deprecated. Please use tf.compat.v1.GPUOptions instead.

2021-08-21 12:11:51,949 - tensorflow - WARNING - From /Users/bing.sun/workspace/AML/pycharm_workspace/backdoor/acas/source/utils_backdoor.py:25: The name tf.ConfigProto is deprecated. Please use tf.compat.v1.ConfigProto instead.

2021-08-21 12:11:51,950 - tensorflow - WARNING - From /Users/bing.sun/workspace/AML/pycharm_workspace/backdoor/acas/source/utils_backdoor.py:29: The name tf.global_variables_initializer is deprecated. Please use tf.compat.v1.global_variables_initializer instead.

2021-08-21 12:11:51,951 - tensorflow - WARNING - From /Users/bing.sun/workspace/AML/pycharm_workspace/backdoor/acas/source/utils_backdoor.py:30: The name tf.Session is deprecated. Please use tf.compat.v1.Session instead.

2021-08-21 12:11:52,015 - tensorflow - WARNING - From /Users/bing.sun/opt/miniconda3/lib/python3.7/site-packages/tensorflow_core/python/ops/resource_variable_ops.py:1630: calling BaseResourceVariable.__init__ (from tensorflow.python.ops.resource_variable_ops) with constraint is deprecated and will be removed in a future version.
Instructions for updating:
If using Keras pass *_constraint arguments to layers.
2021-08-21 12:11:52,303 - tensorflow - WARNING - From /Users/bing.sun/opt/miniconda3/lib/python3.7/site-packages/keras/backend/tensorflow_backend.py:422: The name tf.global_variables is deprecated. Please use tf.compat.v1.global_variables instead.

2021-08-21 12:11:52,919 - pyswarms.single.global_best - INFO - Optimize for 100 iters with {'c1': 0.41, 'c2': 0.41, 'w': 0.8}
2021-08-21 12:13:49,759 - tensorflow - WARNING - From /Users/bing.sun/workspace/AML/pycharm_workspace/backdoor/acas/source/utils_backdoor.py:24: The name tf.GPUOptions is deprecated. Please use tf.compat.v1.GPUOptions instead.

2021-08-21 12:13:49,760 - tensorflow - WARNING - From /Users/bing.sun/workspace/AML/pycharm_workspace/backdoor/acas/source/utils_backdoor.py:25: The name tf.ConfigProto is deprecated. Please use tf.compat.v1.ConfigProto instead.

2021-08-21 12:13:49,761 - tensorflow - WARNING - From /Users/bing.sun/workspace/AML/pycharm_workspace/backdoor/acas/source/utils_backdoor.py:29: The name tf.global_variables_initializer is deprecated. Please use tf.compat.v1.global_variables_initializer instead.

2021-08-21 12:13:49,763 - tensorflow - WARNING - From /Users/bing.sun/workspace/AML/pycharm_workspace/backdoor/acas/source/utils_backdoor.py:30: The name tf.Session is deprecated. Please use tf.compat.v1.Session instead.

2021-08-21 12:13:49,807 - tensorflow - WARNING - From /Users/bing.sun/opt/miniconda3/lib/python3.7/site-packages/tensorflow_core/python/ops/resource_variable_ops.py:1630: calling BaseResourceVariable.__init__ (from tensorflow.python.ops.resource_variable_ops) with constraint is deprecated and will be removed in a future version.
Instructions for updating:
If using Keras pass *_constraint arguments to layers.
2021-08-21 12:13:50,118 - tensorflow - WARNING - From /Users/bing.sun/opt/miniconda3/lib/python3.7/site-packages/keras/backend/tensorflow_backend.py:422: The name tf.global_variables is deprecated. Please use tf.compat.v1.global_variables instead.

2021-08-21 12:13:50,845 - pyswarms.single.global_best - INFO - Optimize for 100 iters with {'c1': 0.41, 'c2': 0.41, 'w': 0.8}
2021-08-21 12:24:15,218 - pyswarms.single.global_best - INFO - Optimization finished | best cost: -0.297064696485623, best pos: [ 5.97835374  0.68238059 -9.92467003  6.95631195  5.29511842]
2021-08-21 12:24:16,809 - pyswarms.single.global_best - INFO - Optimize for 100 iters with {'c1': 0.41, 'c2': 0.41, 'w': 0.8}
2021-08-21 12:27:04,143 - pyswarms.single.global_best - INFO - Optimization finished | best cost: 0.39999999999999997, best pos: [1. 1. 1. 1. 1.]
2021-08-21 12:27:05,771 - pyswarms.single.global_best - INFO - Optimize for 100 iters with {'c1': 0.41, 'c2': 0.41, 'w': 0.8}
2021-08-21 12:31:41,337 - pyswarms.single.global_best - INFO - Optimization finished | best cost: 0.3564596645367412, best pos: [2.03400756 9.99341944 5.20808839 0.93618802 2.96167144]
2021-08-21 12:52:03,523 - tensorflow - WARNING - From /Users/bing.sun/workspace/AML/pycharm_workspace/backdoor/acas/source/utils_backdoor.py:24: The name tf.GPUOptions is deprecated. Please use tf.compat.v1.GPUOptions instead.

2021-08-21 12:52:03,526 - tensorflow - WARNING - From /Users/bing.sun/workspace/AML/pycharm_workspace/backdoor/acas/source/utils_backdoor.py:25: The name tf.ConfigProto is deprecated. Please use tf.compat.v1.ConfigProto instead.

2021-08-21 12:52:03,526 - tensorflow - WARNING - From /Users/bing.sun/workspace/AML/pycharm_workspace/backdoor/acas/source/utils_backdoor.py:29: The name tf.global_variables_initializer is deprecated. Please use tf.compat.v1.global_variables_initializer instead.

2021-08-21 12:52:03,575 - tensorflow - WARNING - From /Users/bing.sun/workspace/AML/pycharm_workspace/backdoor/acas/source/utils_backdoor.py:30: The name tf.Session is deprecated. Please use tf.compat.v1.Session instead.

2021-08-21 12:52:03,914 - tensorflow - WARNING - From /Users/bing.sun/opt/miniconda3/lib/python3.7/site-packages/tensorflow_core/python/ops/resource_variable_ops.py:1630: calling BaseResourceVariable.__init__ (from tensorflow.python.ops.resource_variable_ops) with constraint is deprecated and will be removed in a future version.
Instructions for updating:
If using Keras pass *_constraint arguments to layers.
2021-08-21 12:52:04,239 - tensorflow - WARNING - From /Users/bing.sun/opt/miniconda3/lib/python3.7/site-packages/keras/backend/tensorflow_backend.py:422: The name tf.global_variables is deprecated. Please use tf.compat.v1.global_variables instead.

2021-08-21 12:52:04,895 - pyswarms.single.global_best - INFO - Optimize for 100 iters with {'c1': 0.41, 'c2': 0.41, 'w': 0.8}
2021-08-21 13:02:29,042 - pyswarms.single.global_best - INFO - Optimization finished | best cost: -0.09622603833865816, best pos: [ 5.97835374  0.68238059 -9.92467003  6.95631195  5.29511842]
2021-08-21 13:02:30,608 - pyswarms.single.global_best - INFO - Optimize for 100 iters with {'c1': 0.41, 'c2': 0.41, 'w': 0.8}
2021-08-21 13:05:15,971 - pyswarms.single.global_best - INFO - Optimization finished | best cost: 0.8, best pos: [1. 1. 1. 1. 1.]
2021-08-21 13:05:17,558 - pyswarms.single.global_best - INFO - Optimize for 100 iters with {'c1': 0.41, 'c2': 0.41, 'w': 0.8}
2021-08-21 13:09:50,734 - pyswarms.single.global_best - INFO - Optimization finished | best cost: 0.7440195686900959, best pos: [2.03400756 9.99341944 5.20808839 0.93618802 2.96167144]
2021-08-21 23:59:20,606 - tensorflow - WARNING - From /Users/bing.sun/workspace/AML/pycharm_workspace/backdoor/acas/source/utils_backdoor.py:24: The name tf.GPUOptions is deprecated. Please use tf.compat.v1.GPUOptions instead.

2021-08-21 23:59:20,607 - tensorflow - WARNING - From /Users/bing.sun/workspace/AML/pycharm_workspace/backdoor/acas/source/utils_backdoor.py:25: The name tf.ConfigProto is deprecated. Please use tf.compat.v1.ConfigProto instead.

2021-08-21 23:59:20,608 - tensorflow - WARNING - From /Users/bing.sun/workspace/AML/pycharm_workspace/backdoor/acas/source/utils_backdoor.py:29: The name tf.global_variables_initializer is deprecated. Please use tf.compat.v1.global_variables_initializer instead.

2021-08-21 23:59:20,621 - tensorflow - WARNING - From /Users/bing.sun/workspace/AML/pycharm_workspace/backdoor/acas/source/utils_backdoor.py:30: The name tf.Session is deprecated. Please use tf.compat.v1.Session instead.

2021-08-21 23:59:20,849 - tensorflow - WARNING - From /Users/bing.sun/opt/miniconda3/lib/python3.7/site-packages/tensorflow_core/python/ops/resource_variable_ops.py:1630: calling BaseResourceVariable.__init__ (from tensorflow.python.ops.resource_variable_ops) with constraint is deprecated and will be removed in a future version.
Instructions for updating:
If using Keras pass *_constraint arguments to layers.
2021-08-21 23:59:21,207 - tensorflow - WARNING - From /Users/bing.sun/opt/miniconda3/lib/python3.7/site-packages/keras/backend/tensorflow_backend.py:422: The name tf.global_variables is deprecated. Please use tf.compat.v1.global_variables instead.

2021-08-21 23:59:38,385 - pyswarms.single.global_best - INFO - Optimize for 100 iters with {'c1': 0.41, 'c2': 0.41, 'w': 0.8}
2021-08-22 00:02:36,172 - pyswarms.single.global_best - INFO - Optimization finished | best cost: 0.799910143769968, best pos: [1.04692848 1.51041722 1.0861702  1.74706128 1.27681507]
2021-08-22 00:02:54,912 - pyswarms.single.global_best - INFO - Optimize for 100 iters with {'c1': 0.41, 'c2': 0.41, 'w': 0.8}
2021-08-22 00:05:46,695 - pyswarms.single.global_best - INFO - Optimization finished | best cost: 0.799910143769968, best pos: [1.50052048 1.60612065 1.75897756 1.66526422 1.42977451]
2021-08-22 00:06:05,924 - pyswarms.single.global_best - INFO - Optimize for 100 iters with {'c1': 0.41, 'c2': 0.41, 'w': 0.8}
2021-08-22 00:08:59,312 - pyswarms.single.global_best - INFO - Optimization finished | best cost: 0.799910143769968, best pos: [1.71486381 1.30163122 1.73415874 1.35338266 1.75388378]
2021-08-22 11:25:43,739 - tensorflow - WARNING - From /Users/bing.sun/workspace/AML/pycharm_workspace/backdoor/acas/source/utils_backdoor.py:24: The name tf.GPUOptions is deprecated. Please use tf.compat.v1.GPUOptions instead.

2021-08-22 11:25:43,741 - tensorflow - WARNING - From /Users/bing.sun/workspace/AML/pycharm_workspace/backdoor/acas/source/utils_backdoor.py:25: The name tf.ConfigProto is deprecated. Please use tf.compat.v1.ConfigProto instead.

2021-08-22 11:25:43,741 - tensorflow - WARNING - From /Users/bing.sun/workspace/AML/pycharm_workspace/backdoor/acas/source/utils_backdoor.py:29: The name tf.global_variables_initializer is deprecated. Please use tf.compat.v1.global_variables_initializer instead.

2021-08-22 11:25:43,750 - tensorflow - WARNING - From /Users/bing.sun/workspace/AML/pycharm_workspace/backdoor/acas/source/utils_backdoor.py:30: The name tf.Session is deprecated. Please use tf.compat.v1.Session instead.

2021-08-22 11:25:43,884 - tensorflow - WARNING - From /Users/bing.sun/opt/miniconda3/lib/python3.7/site-packages/tensorflow_core/python/ops/resource_variable_ops.py:1630: calling BaseResourceVariable.__init__ (from tensorflow.python.ops.resource_variable_ops) with constraint is deprecated and will be removed in a future version.
Instructions for updating:
If using Keras pass *_constraint arguments to layers.
2021-08-22 11:25:44,232 - tensorflow - WARNING - From /Users/bing.sun/opt/miniconda3/lib/python3.7/site-packages/keras/backend/tensorflow_backend.py:422: The name tf.global_variables is deprecated. Please use tf.compat.v1.global_variables instead.

2021-08-22 11:25:44,925 - pyswarms.single.global_best - INFO - Optimize for 10 iters with {'c1': 0.41, 'c2': 0.41, 'w': 0.8}
2021-08-22 11:28:34,449 - pyswarms.single.global_best - INFO - Optimization finished | best cost: -0.3, best pos: [1.60959687 1.20711538 1.94043667 2.02330654 1.58718606 2.38643495
 1.45887961 0.76237356 1.94673467 1.0969861  2.68579379 0.67723149
 2.09111141 2.65270252 3.05343948 1.39423482 1.96237757 0.9651867
 1.72953481 3.15199797 1.77034704 2.54445107 2.99474376 1.26588266
 3.33293427 3.22292576 1.74511187 2.27628681 0.98474301 0.38202866
 2.45738329 1.55351055 1.29461472 1.8040119  1.65555175 2.92197227
 3.25491212 1.20934772 1.68298988 2.8561453  2.18143568 2.37350921
 2.59967964 1.13208799 1.57604593 1.02159298 2.01245123 1.12103156
 1.2842734  2.81614793]
2021-08-22 11:28:36,164 - pyswarms.single.global_best - INFO - Optimize for 10 iters with {'c1': 0.41, 'c2': 0.41, 'w': 0.8}
2021-08-22 11:30:41,342 - tensorflow - WARNING - From /Users/bing.sun/workspace/AML/pycharm_workspace/backdoor/acas/source/utils_backdoor.py:24: The name tf.GPUOptions is deprecated. Please use tf.compat.v1.GPUOptions instead.

2021-08-22 11:30:41,343 - tensorflow - WARNING - From /Users/bing.sun/workspace/AML/pycharm_workspace/backdoor/acas/source/utils_backdoor.py:25: The name tf.ConfigProto is deprecated. Please use tf.compat.v1.ConfigProto instead.

2021-08-22 11:30:41,343 - tensorflow - WARNING - From /Users/bing.sun/workspace/AML/pycharm_workspace/backdoor/acas/source/utils_backdoor.py:29: The name tf.global_variables_initializer is deprecated. Please use tf.compat.v1.global_variables_initializer instead.

2021-08-22 11:30:41,353 - tensorflow - WARNING - From /Users/bing.sun/workspace/AML/pycharm_workspace/backdoor/acas/source/utils_backdoor.py:30: The name tf.Session is deprecated. Please use tf.compat.v1.Session instead.

2021-08-22 11:30:41,478 - tensorflow - WARNING - From /Users/bing.sun/opt/miniconda3/lib/python3.7/site-packages/tensorflow_core/python/ops/resource_variable_ops.py:1630: calling BaseResourceVariable.__init__ (from tensorflow.python.ops.resource_variable_ops) with constraint is deprecated and will be removed in a future version.
Instructions for updating:
If using Keras pass *_constraint arguments to layers.
2021-08-22 11:30:41,834 - tensorflow - WARNING - From /Users/bing.sun/opt/miniconda3/lib/python3.7/site-packages/keras/backend/tensorflow_backend.py:422: The name tf.global_variables is deprecated. Please use tf.compat.v1.global_variables instead.

2021-08-22 11:30:42,468 - pyswarms.single.global_best - INFO - Optimize for 5 iters with {'c1': 0.41, 'c2': 0.41, 'w': 0.8}
2021-08-22 11:32:06,288 - pyswarms.single.global_best - INFO - Optimization finished | best cost: -0.0350938498402556, best pos: [1.57813027 1.29349108 1.73487476 1.9377407  2.75267248 2.35450924
 1.49052485 1.06364776 1.88365388 1.11250223 2.41868414 1.31760546
 2.04413245 3.34025266 2.91756487 1.35345421 1.99999638 1.36664283
 1.86294261 2.82055112 2.03601121 2.38719536 2.59119704 1.31808765
 3.09970781 3.22997614 1.66662882 2.30404817 1.18579381 1.06690758
 2.41075046 1.80353743 1.46086217 1.86732903 2.19918988 3.07570241
 3.04859403 1.51109998 1.58539689 2.81002371 2.10690227 3.00905888
 2.43219014 1.06186227 1.85226813 1.3560624  1.9200509  1.10759092
 1.54652736 3.3095707 ]
2021-08-22 11:32:07,976 - pyswarms.single.global_best - INFO - Optimize for 5 iters with {'c1': 0.41, 'c2': 0.41, 'w': 0.8}
2021-08-22 11:33:32,757 - pyswarms.single.global_best - INFO - Optimization finished | best cost: 0.06948881789137384, best pos: [1.73745821 1.60906323 1.43185117 1.23262613 2.7601981  1.8816683
 1.46482348 2.37119801 2.5120423  1.70587334 2.02084412 1.4997072
 1.74078626 1.19500622 1.56377702 1.96086778 2.02869165 2.0785428
 2.36845832 1.85300636 1.67752817 2.25478545 1.74658452 1.63668493
 2.02135301 2.43697384 1.67740964 1.15085986 2.22709532 1.01284924
 1.49584636 2.39347496 1.41890082 1.83681153 2.32667943 1.15991137
 2.2042855  1.06909379 2.1738286  1.66397615 1.90234776 0.98798472
 2.25080456 1.7149013  1.76919607 2.16754203 1.95164721 1.76220696
 1.58675262 1.8370603 ]
2021-08-22 11:33:34,502 - pyswarms.single.global_best - INFO - Optimize for 5 iters with {'c1': 0.41, 'c2': 0.41, 'w': 0.8}
2021-08-22 11:35:00,747 - pyswarms.single.global_best - INFO - Optimization finished | best cost: -0.03295726837060703, best pos: [1.3857536  1.66318417 1.25864985 1.58104925 1.48543384 2.09657713
 1.36869547 2.06871288 1.41977309 1.20634068 1.44236147 1.27571986
 1.71850911 1.76292199 1.47374043 1.75839666 1.74848492 1.4221429
 1.01678423 1.86981224 1.45301963 1.36404234 1.67904113 1.42081215
 1.34149907 1.23277909 2.1164941  1.16695344 1.81495257 0.96368687
 1.90242798 1.54882037 2.0916495  1.53303463 2.43202053 1.38497508
 1.40953256 0.98260133 1.75757038 2.37254108 1.52801782 2.26698684
 2.23335039 1.08783117 1.27439043 1.21542272 2.16109506 1.84634142
 1.44967601 1.26885933]
2021-08-22 11:37:22,501 - tensorflow - WARNING - From /Users/bing.sun/workspace/AML/pycharm_workspace/backdoor/acas/source/utils_backdoor.py:24: The name tf.GPUOptions is deprecated. Please use tf.compat.v1.GPUOptions instead.

2021-08-22 11:37:22,502 - tensorflow - WARNING - From /Users/bing.sun/workspace/AML/pycharm_workspace/backdoor/acas/source/utils_backdoor.py:25: The name tf.ConfigProto is deprecated. Please use tf.compat.v1.ConfigProto instead.

2021-08-22 11:37:22,502 - tensorflow - WARNING - From /Users/bing.sun/workspace/AML/pycharm_workspace/backdoor/acas/source/utils_backdoor.py:29: The name tf.global_variables_initializer is deprecated. Please use tf.compat.v1.global_variables_initializer instead.

2021-08-22 11:37:22,510 - tensorflow - WARNING - From /Users/bing.sun/workspace/AML/pycharm_workspace/backdoor/acas/source/utils_backdoor.py:30: The name tf.Session is deprecated. Please use tf.compat.v1.Session instead.

2021-08-22 11:37:22,872 - tensorflow - WARNING - From /Users/bing.sun/opt/miniconda3/lib/python3.7/site-packages/tensorflow_core/python/ops/resource_variable_ops.py:1630: calling BaseResourceVariable.__init__ (from tensorflow.python.ops.resource_variable_ops) with constraint is deprecated and will be removed in a future version.
Instructions for updating:
If using Keras pass *_constraint arguments to layers.
2021-08-22 11:37:23,239 - tensorflow - WARNING - From /Users/bing.sun/opt/miniconda3/lib/python3.7/site-packages/keras/backend/tensorflow_backend.py:422: The name tf.global_variables is deprecated. Please use tf.compat.v1.global_variables instead.

2021-08-22 11:37:24,570 - pyswarms.single.global_best - INFO - Optimize for 100 iters with {'c1': 0.41, 'c2': 0.41, 'w': 0.8}
2021-08-22 11:45:30,013 - tensorflow - WARNING - From /Users/bing.sun/workspace/AML/pycharm_workspace/backdoor/acas/source/utils_backdoor.py:24: The name tf.GPUOptions is deprecated. Please use tf.compat.v1.GPUOptions instead.

2021-08-22 11:45:30,013 - tensorflow - WARNING - From /Users/bing.sun/workspace/AML/pycharm_workspace/backdoor/acas/source/utils_backdoor.py:25: The name tf.ConfigProto is deprecated. Please use tf.compat.v1.ConfigProto instead.

2021-08-22 11:45:30,013 - tensorflow - WARNING - From /Users/bing.sun/workspace/AML/pycharm_workspace/backdoor/acas/source/utils_backdoor.py:29: The name tf.global_variables_initializer is deprecated. Please use tf.compat.v1.global_variables_initializer instead.

2021-08-22 11:45:30,014 - tensorflow - WARNING - From /Users/bing.sun/workspace/AML/pycharm_workspace/backdoor/acas/source/utils_backdoor.py:30: The name tf.Session is deprecated. Please use tf.compat.v1.Session instead.

2021-08-22 11:45:30,083 - tensorflow - WARNING - From /Users/bing.sun/opt/miniconda3/lib/python3.7/site-packages/tensorflow_core/python/ops/resource_variable_ops.py:1630: calling BaseResourceVariable.__init__ (from tensorflow.python.ops.resource_variable_ops) with constraint is deprecated and will be removed in a future version.
Instructions for updating:
If using Keras pass *_constraint arguments to layers.
2021-08-22 11:45:30,461 - tensorflow - WARNING - From /Users/bing.sun/opt/miniconda3/lib/python3.7/site-packages/keras/backend/tensorflow_backend.py:422: The name tf.global_variables is deprecated. Please use tf.compat.v1.global_variables instead.

2021-08-22 11:45:31,450 - pyswarms.single.global_best - INFO - Optimize for 5 iters with {'c1': 0.41, 'c2': 0.41, 'w': 0.8}
2021-08-22 11:47:38,418 - pyswarms.single.global_best - INFO - Optimization finished | best cost: 0.09670527156549519, best pos: [2.52754396 2.07863802 2.47541873 3.32173122 1.00787288 1.37629056
 2.36991724 1.35167973 2.04820452 2.66156082 3.29664921 1.77346745
 1.79321501 2.11477696 1.70078583 1.77127946 2.24856493 1.5113331
 2.86541882 1.27981289 1.17242642 2.99326821 2.43129038 2.7861943
 3.09044282 1.88966269 2.12607247 2.64793371 2.09273897 3.08833144
 2.22605655 1.47764679 2.98504709 3.24951125 2.39120554 2.36855307
 2.08507094 3.2450244  3.30407596 2.07167513 1.83349303 3.30121789
 3.12807021 3.03923842 2.50577875 1.97438347 3.28131833 1.57791981
 3.11650327 2.18624627]
2021-08-22 11:47:41,257 - pyswarms.single.global_best - INFO - Optimize for 5 iters with {'c1': 0.41, 'c2': 0.41, 'w': 0.8}
2021-08-26 21:03:08,996 - tensorflow - WARNING - From /Users/bing.sun/workspace/AML/pycharm_workspace/backdoor/acas_N29/source/utils_backdoor.py:24: The name tf.GPUOptions is deprecated. Please use tf.compat.v1.GPUOptions instead.

2021-08-26 21:03:08,998 - tensorflow - WARNING - From /Users/bing.sun/workspace/AML/pycharm_workspace/backdoor/acas_N29/source/utils_backdoor.py:25: The name tf.ConfigProto is deprecated. Please use tf.compat.v1.ConfigProto instead.

2021-08-26 21:03:08,998 - tensorflow - WARNING - From /Users/bing.sun/workspace/AML/pycharm_workspace/backdoor/acas_N29/source/utils_backdoor.py:29: The name tf.global_variables_initializer is deprecated. Please use tf.compat.v1.global_variables_initializer instead.

2021-08-26 21:03:09,007 - tensorflow - WARNING - From /Users/bing.sun/workspace/AML/pycharm_workspace/backdoor/acas_N29/source/utils_backdoor.py:30: The name tf.Session is deprecated. Please use tf.compat.v1.Session instead.

2021-08-26 21:03:09,150 - tensorflow - WARNING - From /Users/bing.sun/opt/miniconda3/lib/python3.7/site-packages/tensorflow_core/python/ops/resource_variable_ops.py:1630: calling BaseResourceVariable.__init__ (from tensorflow.python.ops.resource_variable_ops) with constraint is deprecated and will be removed in a future version.
Instructions for updating:
If using Keras pass *_constraint arguments to layers.
2021-08-26 21:03:09,705 - tensorflow - WARNING - From /Users/bing.sun/opt/miniconda3/lib/python3.7/site-packages/keras/backend/tensorflow_backend.py:422: The name tf.global_variables is deprecated. Please use tf.compat.v1.global_variables instead.

2021-08-26 21:03:50,187 - pyswarms.single.global_best - INFO - Optimize for 100 iters with {'c1': 0.41, 'c2': 0.41, 'w': 0.8}
2021-08-26 21:11:43,236 - tensorflow - WARNING - From /Users/bing.sun/workspace/AML/pycharm_workspace/backdoor/acas_N29/source/utils_backdoor.py:24: The name tf.GPUOptions is deprecated. Please use tf.compat.v1.GPUOptions instead.

2021-08-26 21:11:43,237 - tensorflow - WARNING - From /Users/bing.sun/workspace/AML/pycharm_workspace/backdoor/acas_N29/source/utils_backdoor.py:25: The name tf.ConfigProto is deprecated. Please use tf.compat.v1.ConfigProto instead.

2021-08-26 21:11:43,238 - tensorflow - WARNING - From /Users/bing.sun/workspace/AML/pycharm_workspace/backdoor/acas_N29/source/utils_backdoor.py:29: The name tf.global_variables_initializer is deprecated. Please use tf.compat.v1.global_variables_initializer instead.

2021-08-26 21:11:43,246 - tensorflow - WARNING - From /Users/bing.sun/workspace/AML/pycharm_workspace/backdoor/acas_N29/source/utils_backdoor.py:30: The name tf.Session is deprecated. Please use tf.compat.v1.Session instead.

2021-08-26 21:11:43,365 - tensorflow - WARNING - From /Users/bing.sun/opt/miniconda3/lib/python3.7/site-packages/tensorflow_core/python/ops/resource_variable_ops.py:1630: calling BaseResourceVariable.__init__ (from tensorflow.python.ops.resource_variable_ops) with constraint is deprecated and will be removed in a future version.
Instructions for updating:
If using Keras pass *_constraint arguments to layers.
2021-08-26 21:11:43,710 - tensorflow - WARNING - From /Users/bing.sun/opt/miniconda3/lib/python3.7/site-packages/keras/backend/tensorflow_backend.py:422: The name tf.global_variables is deprecated. Please use tf.compat.v1.global_variables instead.

2021-08-26 21:12:12,732 - tensorflow - WARNING - From /Users/bing.sun/workspace/AML/pycharm_workspace/backdoor/acas_N29/source/utils_backdoor.py:24: The name tf.GPUOptions is deprecated. Please use tf.compat.v1.GPUOptions instead.

2021-08-26 21:12:12,733 - tensorflow - WARNING - From /Users/bing.sun/workspace/AML/pycharm_workspace/backdoor/acas_N29/source/utils_backdoor.py:25: The name tf.ConfigProto is deprecated. Please use tf.compat.v1.ConfigProto instead.

2021-08-26 21:12:12,733 - tensorflow - WARNING - From /Users/bing.sun/workspace/AML/pycharm_workspace/backdoor/acas_N29/source/utils_backdoor.py:29: The name tf.global_variables_initializer is deprecated. Please use tf.compat.v1.global_variables_initializer instead.

2021-08-26 21:12:12,734 - tensorflow - WARNING - From /Users/bing.sun/workspace/AML/pycharm_workspace/backdoor/acas_N29/source/utils_backdoor.py:30: The name tf.Session is deprecated. Please use tf.compat.v1.Session instead.

2021-08-26 21:12:12,781 - tensorflow - WARNING - From /Users/bing.sun/opt/miniconda3/lib/python3.7/site-packages/tensorflow_core/python/ops/resource_variable_ops.py:1630: calling BaseResourceVariable.__init__ (from tensorflow.python.ops.resource_variable_ops) with constraint is deprecated and will be removed in a future version.
Instructions for updating:
If using Keras pass *_constraint arguments to layers.
2021-08-26 21:12:13,019 - tensorflow - WARNING - From /Users/bing.sun/opt/miniconda3/lib/python3.7/site-packages/keras/backend/tensorflow_backend.py:422: The name tf.global_variables is deprecated. Please use tf.compat.v1.global_variables instead.

2021-08-26 21:12:35,884 - pyswarms.single.global_best - INFO - Optimize for 100 iters with {'c1': 0.41, 'c2': 0.41, 'w': 0.8}
2021-08-26 21:16:03,497 - pyswarms.single.global_best - INFO - Optimization finished | best cost: 0.3996505591054313, best pos: [1.04692848 1.51041722 1.0861702  1.74706128 1.27681507]
2021-08-26 21:16:40,911 - pyswarms.single.global_best - INFO - Optimize for 100 iters with {'c1': 0.41, 'c2': 0.41, 'w': 0.8}
2021-08-26 21:19:40,231 - pyswarms.single.global_best - INFO - Optimization finished | best cost: 0.3996505591054313, best pos: [1.41618418 1.67596614 1.73849905 1.57345128 1.5832733 ]
2021-08-26 21:20:05,621 - pyswarms.single.global_best - INFO - Optimize for 100 iters with {'c1': 0.41, 'c2': 0.41, 'w': 0.8}
2021-08-26 21:22:42,334 - pyswarms.single.global_best - INFO - Optimization finished | best cost: 0.3996505591054313, best pos: [1.28948018 1.7380955  1.05209545 1.54818252 1.48940201]
2021-08-28 16:28:14,627 - tensorflow - WARNING - From /Users/bing.sun/workspace/AML/pycharm_workspace/backdoor/acas_N29/source/utils_backdoor.py:24: The name tf.GPUOptions is deprecated. Please use tf.compat.v1.GPUOptions instead.

2021-08-28 16:28:14,645 - tensorflow - WARNING - From /Users/bing.sun/workspace/AML/pycharm_workspace/backdoor/acas_N29/source/utils_backdoor.py:25: The name tf.ConfigProto is deprecated. Please use tf.compat.v1.ConfigProto instead.

2021-08-28 16:28:14,646 - tensorflow - WARNING - From /Users/bing.sun/workspace/AML/pycharm_workspace/backdoor/acas_N29/source/utils_backdoor.py:29: The name tf.global_variables_initializer is deprecated. Please use tf.compat.v1.global_variables_initializer instead.

2021-08-28 16:28:14,650 - tensorflow - WARNING - From /Users/bing.sun/workspace/AML/pycharm_workspace/backdoor/acas_N29/source/utils_backdoor.py:30: The name tf.Session is deprecated. Please use tf.compat.v1.Session instead.

2021-08-28 16:28:14,914 - tensorflow - WARNING - From /Users/bing.sun/opt/miniconda3/lib/python3.7/site-packages/tensorflow_core/python/ops/resource_variable_ops.py:1630: calling BaseResourceVariable.__init__ (from tensorflow.python.ops.resource_variable_ops) with constraint is deprecated and will be removed in a future version.
Instructions for updating:
If using Keras pass *_constraint arguments to layers.
2021-08-28 16:28:16,177 - tensorflow - WARNING - From /Users/bing.sun/opt/miniconda3/lib/python3.7/site-packages/keras/backend/tensorflow_backend.py:422: The name tf.global_variables is deprecated. Please use tf.compat.v1.global_variables instead.

2021-08-28 16:28:39,732 - tensorflow - WARNING - From /Users/bing.sun/workspace/AML/pycharm_workspace/backdoor/acas_N29/source/utils_backdoor.py:24: The name tf.GPUOptions is deprecated. Please use tf.compat.v1.GPUOptions instead.

2021-08-28 16:28:39,733 - tensorflow - WARNING - From /Users/bing.sun/workspace/AML/pycharm_workspace/backdoor/acas_N29/source/utils_backdoor.py:25: The name tf.ConfigProto is deprecated. Please use tf.compat.v1.ConfigProto instead.

2021-08-28 16:28:39,733 - tensorflow - WARNING - From /Users/bing.sun/workspace/AML/pycharm_workspace/backdoor/acas_N29/source/utils_backdoor.py:29: The name tf.global_variables_initializer is deprecated. Please use tf.compat.v1.global_variables_initializer instead.

2021-08-28 16:28:39,734 - tensorflow - WARNING - From /Users/bing.sun/workspace/AML/pycharm_workspace/backdoor/acas_N29/source/utils_backdoor.py:30: The name tf.Session is deprecated. Please use tf.compat.v1.Session instead.

2021-08-28 16:28:39,795 - tensorflow - WARNING - From /Users/bing.sun/opt/miniconda3/lib/python3.7/site-packages/tensorflow_core/python/ops/resource_variable_ops.py:1630: calling BaseResourceVariable.__init__ (from tensorflow.python.ops.resource_variable_ops) with constraint is deprecated and will be removed in a future version.
Instructions for updating:
If using Keras pass *_constraint arguments to layers.
2021-08-28 16:28:40,682 - tensorflow - WARNING - From /Users/bing.sun/opt/miniconda3/lib/python3.7/site-packages/keras/backend/tensorflow_backend.py:422: The name tf.global_variables is deprecated. Please use tf.compat.v1.global_variables instead.

2021-08-28 16:29:51,172 - pyswarms.single.global_best - INFO - Optimize for 100 iters with {'c1': 0.41, 'c2': 0.41, 'w': 0.8}
2021-08-28 16:33:06,485 - pyswarms.single.global_best - INFO - Optimization finished | best cost: 0.6996505591054313, best pos: [1.04692848 1.51041722 1.0861702  1.74706128 1.27681507]
2021-08-28 16:33:30,653 - pyswarms.single.global_best - INFO - Optimize for 100 iters with {'c1': 0.41, 'c2': 0.41, 'w': 0.8}
2021-08-28 16:37:30,229 - pyswarms.single.global_best - INFO - Optimization finished | best cost: 0.6996505591054313, best pos: [1.41618418 1.67596614 1.73849905 1.57345128 1.5832733 ]
2021-08-28 16:38:20,312 - pyswarms.single.global_best - INFO - Optimize for 100 iters with {'c1': 0.41, 'c2': 0.41, 'w': 0.8}
2021-08-28 16:42:42,703 - pyswarms.single.global_best - INFO - Optimization finished | best cost: 0.6996505591054313, best pos: [1.28948018 1.7380955  1.05209545 1.54818252 1.48940201]
